<?xml version="1.0" encoding="UTF-8"?>
<!-- Generated by org.testng.reporters.JUnitXMLReporter -->
<testsuite hostname="rtsubhro-PC" ignored="0" name="Unit Test Level" tests="3" failures="0" timestamp="2022-03-21T16:07:01 EDT" time="0.031" errors="0">
  <testcase name="commonScenarios" time="0.015" classname="org.raysrus.dataprovider.DataProviderScenarioTestExample"/>
  <testcase name="scenario1" time="0.0" classname="org.raysrus.dataprovider.DataProviderScenarioTestExample"/>
  <testcase name="scenario2" time="0.0" classname="org.raysrus.dataprovider.DataProviderScenarioTestExample"/>
</testsuite> <!-- Unit Test Level -->
