<?xml version="1.0" encoding="UTF-8"?>
<!-- Generated by org.testng.reporters.JUnitXMLReporter -->
<testsuite hostname="rtsubhro-PC" ignored="0" name="Facebook Login Test Case" tests="3" failures="0" timestamp="2022-01-18T01:26:25 EST" time="0.091" errors="0">
  <testcase name="loginWithInvalidCredentials" time="0.008" classname="org.raysrus.FacebookLogin"/>
  <testcase name="loginWithInvalidUserName" time="0.003" classname="org.raysrus.FacebookLogin"/>
  <testcase name="loginWithValidCredentials" time="0.003" classname="org.raysrus.FacebookLogin"/>
</testsuite> <!-- Facebook Login Test Case -->
