<?xml version="1.0" encoding="UTF-8"?>
<!-- Generated by org.testng.reporters.JUnitXMLReporter -->
<testsuite hostname="rtsubhro-PC" ignored="0" name="Sample Package Test Case" tests="6" failures="0" timestamp="2022-01-14T18:01:27 EST" time="0.158" errors="0">
  <testcase name="loginWithInvalidCredentials" time="0.039" classname="org.raysrus.FacebookLogin"/>
  <testcase name="loginWithInvalidUserName" time="0.003" classname="org.raysrus.FacebookLogin"/>
  <testcase name="loginWithValidCredentials" time="0.003" classname="org.raysrus.FacebookLogin"/>
  <testcase name="checkProfileLink" time="0.003" classname="org.raysrus.FacebookProfileTest"/>
  <testcase name="checkProfileLogo" time="0.002" classname="org.raysrus.FacebookProfileTest"/>
  <testcase name="sampleTestMethod" time="0.003" classname="org.raysrus.SampleTest"/>
</testsuite> <!-- Sample Package Test Case -->
