<?xml version="1.0" encoding="UTF-8"?>
<!-- Generated by org.testng.reporters.JUnitXMLReporter -->
<testsuite hostname="rtsubhro-PC" ignored="1" name="Skipping Tests Example Test Case" tests="3" failures="0" timestamp="2022-01-18T01:26:25 EST" time="0.018" errors="0">
  <testcase name="testFour" time="0.003" classname="org.raysrus.SkippingTestsExample"/>
  <testcase name="testOne" time="0.003" classname="org.raysrus.SkippingTestsExample"/>
  <testcase name="testThree" time="0.003" classname="org.raysrus.SkippingTestsExample">
    <skipped/>
  </testcase> <!-- testThree -->
  <testcase name="testTwo" time="0.0" classname="org.raysrus.SkippingTestsExample">
    <ignored/>
  </testcase> <!-- testTwo -->
</testsuite> <!-- Skipping Tests Example Test Case -->
