<?xml version="1.0" encoding="UTF-8"?>
<!-- Generated by org.testng.reporters.JUnitXMLReporter -->
<testsuite hostname="rtsubhro-PC" ignored="0" name="Facebook Login Positive Case" tests="4" failures="0" timestamp="2022-01-14T17:43:15 EST" time="0.112" errors="0">
  <testcase name="loginWithInvalidCredentials" time="0.009" classname="org.raysrus.FacebookLogin"/>
  <testcase name="loginWithInvalidUserName" time="0.006" classname="org.raysrus.FacebookLogin"/>
  <testcase name="loginWithValidCredentials" time="0.008" classname="org.raysrus.FacebookLogin"/>
  <testcase name="sampleTestMethod" time="0.003" classname="org.raysrus.SampleTest"/>
</testsuite> <!-- Facebook Login Positive Case -->
