<?xml version="1.0" encoding="UTF-8"?>
<!-- Generated by org.testng.reporters.JUnitXMLReporter -->
<testsuite hostname="rtsubhro-PC" ignored="0" name="Test Parameters via XML file" tests="2" failures="0" timestamp="2022-03-21T12:36:38 EDT" time="0.107" errors="0">
  <testcase name="testOne" time="0.015" classname="org.raysrus.parameters.TestParametersViaXmlFile"/>
  <testcase name="testTwo" time="0.0" classname="org.raysrus.parameters.TestParametersViaXmlFile"/>
</testsuite> <!-- Test Parameters via XML file -->
