<?xml version="1.0" encoding="UTF-8"?>
<!-- Generated by org.testng.reporters.JUnitXMLReporter -->
<testsuite hostname="rtsubhro-PC" ignored="2" name="Grouping Test" tests="2" failures="0" timestamp="2022-03-21T12:59:56 EDT" time="0.118" errors="0">
  <testcase name="testOne" time="0.023" classname="org.raysrus.testgrouping.TestCaseGrouping"/>
  <testcase name="testThree" time="0.016" classname="org.raysrus.testgrouping.TestCaseGrouping"/>
  <testcase name="testFour" time="0.0" classname="org.raysrus.testgrouping.TestCaseGrouping">
    <ignored/>
  </testcase> <!-- testFour -->
  <testcase name="testTwo" time="0.0" classname="org.raysrus.testgrouping.TestCaseGrouping">
    <ignored/>
  </testcase> <!-- testTwo -->
</testsuite> <!-- Grouping Test -->
