<?xml version="1.0" encoding="UTF-8"?>
<testng-results skipped="0" failed="0" ignored="0" total="5" passed="5">
  <reporter-output>
  </reporter-output>
  <suite name="DataProvider Suite" duration-ms="353" started-at="2022-03-21T16:07:01 EDT" finished-at="2022-03-21T16:07:01 EDT">
    <groups>
    </groups>
    <test name="Acceptance Level" duration-ms="103" started-at="2022-03-21T16:07:01 EDT" finished-at="2022-03-21T16:07:01 EDT">
      <class name="org.raysrus.dataprovider.DataProviderAcceptanceTestExample">
        <test-method status="PASS" signature="acceptanceTest(java.lang.String)[pri:0, instance:org.raysrus.dataprovider.DataProviderAcceptanceTestExample@1bfb90a]" name="acceptanceTest" duration-ms="16" started-at="2022-03-21T16:07:01 EDT" data-provider="testTypeDataProvider" finished-at="2022-03-21T16:07:01 EDT">
          <params>
            <param index="0">
              <value>
                <![CDATA[Acceptance Test Data]]>
              </value>
            </param>
          </params>
          <reporter-output>
          </reporter-output>
        </test-method> <!-- acceptanceTest -->
      </class> <!-- org.raysrus.dataprovider.DataProviderAcceptanceTestExample -->
    </test> <!-- Acceptance Level -->
    <test name="Unit Test Level" duration-ms="31" started-at="2022-03-21T16:07:01 EDT" finished-at="2022-03-21T16:07:01 EDT">
      <class name="org.raysrus.dataprovider.DataProviderScenarioTestExample">
        <test-method status="PASS" signature="commonScenarios(java.lang.String)[pri:0, instance:org.raysrus.dataprovider.DataProviderScenarioTestExample@b0bfab]" name="commonScenarios" duration-ms="15" started-at="2022-03-21T16:07:01 EDT" data-provider="scenarioDataProvider" finished-at="2022-03-21T16:07:01 EDT">
          <params>
            <param index="0">
              <value>
                <![CDATA[Common Scenarios Test Data]]>
              </value>
            </param>
          </params>
          <reporter-output>
          </reporter-output>
        </test-method> <!-- commonScenarios -->
        <test-method status="PASS" signature="scenario1(java.lang.String)[pri:0, instance:org.raysrus.dataprovider.DataProviderScenarioTestExample@b0bfab]" name="scenario1" duration-ms="0" started-at="2022-03-21T16:07:01 EDT" data-provider="scenarioDataProvider" finished-at="2022-03-21T16:07:01 EDT">
          <params>
            <param index="0">
              <value>
                <![CDATA[Scenario 1 Test Data]]>
              </value>
            </param>
          </params>
          <reporter-output>
          </reporter-output>
        </test-method> <!-- scenario1 -->
        <test-method status="PASS" signature="scenario2(java.lang.String)[pri:0, instance:org.raysrus.dataprovider.DataProviderScenarioTestExample@b0bfab]" name="scenario2" duration-ms="0" started-at="2022-03-21T16:07:01 EDT" data-provider="scenarioDataProvider" finished-at="2022-03-21T16:07:01 EDT">
          <params>
            <param index="0">
              <value>
                <![CDATA[Scenario 2 Test Data]]>
              </value>
            </param>
          </params>
          <reporter-output>
          </reporter-output>
        </test-method> <!-- scenario2 -->
      </class> <!-- org.raysrus.dataprovider.DataProviderScenarioTestExample -->
    </test> <!-- Unit Test Level -->
    <test name="Integration Level" duration-ms="0" started-at="2022-03-21T16:07:01 EDT" finished-at="2022-03-21T16:07:01 EDT">
      <class name="org.raysrus.dataprovider.DataProviderIntegrationTestExample">
        <test-method status="PASS" signature="integrationTest(java.lang.String)[pri:0, instance:org.raysrus.dataprovider.DataProviderIntegrationTestExample@80503]" name="integrationTest" duration-ms="0" started-at="2022-03-21T16:07:01 EDT" data-provider="testTypeDataProvider" finished-at="2022-03-21T16:07:01 EDT">
          <params>
            <param index="0">
              <value>
                <![CDATA[Integration Test Data]]>
              </value>
            </param>
          </params>
          <reporter-output>
          </reporter-output>
        </test-method> <!-- integrationTest -->
      </class> <!-- org.raysrus.dataprovider.DataProviderIntegrationTestExample -->
    </test> <!-- Integration Level -->
  </suite> <!-- DataProvider Suite -->
</testng-results>
